ncelab: 15.20-s035: (c) Copyright 1995-2017 Cadence Design Systems, Inc.
TOOL:	ncelab	15.20-s035: Started on Dec 11, 2020 at 21:09:03 EST
ncelab
    -v93
    -messages
    -access rwc
    -cdslib /afs/umbc.edu/users/b/c/bcain1/home/cs411/vhdl2/cds.lib
    -hdlvar /afs/umbc.edu/users/b/c/bcain1/home/cs411/vhdl2/hdl.var
    part3a

ncelab: *W,ARCMRA: Elaborating the VHDL.PART3A:SCHEMATIC, MRA (most recently analyzed) architecture.
	Elaborating the design hierarchy:
	Building instance specific data structures.
	Design hierarchy summary:
		              Instances  Unique
		Components:         682      24
		Default bindings:    17      16
		Processes:         2386      96
		Signals:            859     217
	Writing initial simulation snapshot: VHDL.PART3A:SCHEMATIC
TOOL:	ncelab	15.20-s035: Exiting on Dec 11, 2020 at 21:09:04 EST  (total: 00:00:01)
