ncsim: 15.20-s035: (c) Copyright 1995-2017 Cadence Design Systems, Inc.
TOOL:	ncsim	15.20-s035: Started on Dec 11, 2020 at 21:09:04 EST
ncsim
    -input part3a.run
    -batch
    -logfile part3a.out
    -messages
    -cdslib /afs/umbc.edu/users/b/c/bcain1/home/cs411/vhdl2/cds.lib
    -hdlvar /afs/umbc.edu/users/b/c/bcain1/home/cs411/vhdl2/hdl.var
    part3a

Loading snapshot vhdl.part3a:schematic .................... Done
ncsim> run 510 ns
---PC--- --inst--  loadmem process input .abs file
00000000 8C010074 	lw   $1,w2($0)    -- Icache stall
00000004 8C020078 	lw   $2,w3($0)
00000008 00221820 	add  $3,$1,$2     -- pipeline stall
0000000C 00222022 	sub  $4,$1,$2
00000010 00012BC4 	sll  $5,$1,15     -- Icache stall
00000014 00023402 	srl  $6,$2,16
00000018 0003380B 	cmpl $7,$3
0000001C AC01007C 	sw   $1,w4($0)
00000020 30A80070 	addi $8,w1($5)    -- Icache stall
00000024 8C0F0070 	lw   $15,w1($0)
00000028 8C100074 	lw   $16,w2($0)  
0000002C 01F08820 	add  $17,$15,$16  -- $16 forwarded, stall 
00000030 02319020 	add  $18,$17,$17  -- $17 forwarded on both
00000034 76320006 	beq  $17,$18,lab1 -- one stall, no br
00000038 8C090080 	lw   $9,w5($0)
0000003C 0211980F 	or   $19,$16,$17
00000040 08000014 	j    lab1
00000044 8C010078 	lw   $1,w3($0)   -- branch slot, always
00000048 8C0C0070 	lw   $12,w1      -- not executed
0000004C 8C0D0070 	lw   $13,w1      -- not executed
00000050 74410003 lab1:	beq  $2,$1,lab2  -- forward, does branch 
00000054 8C0B0074 	lw   $11,w2($0)  -- always execute
00000058 8C0D0074 	lw   $13,w2      -- not executed
0000005C 8C0E0074 	lw   $14,w2      -- not executed
00000060 8C0A0084 lab2:	lw   $10,w6($0)
00000064 08000018 	j    lab2
00000068 8C170080 	lw   $23,w5  -- run long enough to load
0000006C 8C16007C 	lw   $22,w4      -- not executed
00000070 11111111 w1:	word 0x11111111
00000074 22222222 w2:	word 0x22222222
00000078 33333333 w3:	word 0x33333333
0000007C 44444444 w4:	word 0x44444444
00000080 55555555 w5:	word 0x55555555
00000084 66666666 w6:	word 0x66666666
loadmem ended. memory loaded
stall=0clk=0 at=0 ns
stall=Uclk=0 at=0 ns
stall=0clk=0 at=0 ns
stall=Uclk=0 at=0 ns
stall=0clk=0 at=0 ns
stall=Uclk=0 at=0 ns
stall=0clk=0 at=0 ns
stall=1clk=0 at=0.2 ns
clock 0  inst=00000000  PC   =00000000 PCnext=00000004
ID  stage  IR=00000000                                                 rd=00000
EX  stage  IR=00000000  EX_A =00000000  EX_B =00000000  EX_C =00000000 rd=00000
EX  stage             EX_aluB=00000000 EX_res=00000000
MEM stage  IR=00000000  addr =00000000  data =00000000                 rd=00000
WB  stage  IR=00000000  read =00000000  pass =00000000 result=00000000 rd=00000
control RegDst=1  ALUSrc=0  MemtoReg=0  MEMRead=0  MEMWrite=0  WB_write_enb=0
reg 0-7 00000000 00000000 00000000 00000000 00000000 00000000 00000000 00000000 
   8-15 00000000 00000000 00000000 00000000 00000000 00000000 00000000 00000000 
  16-23 00000000 00000000 00000000 00000000 00000000 00000000 00000000 00000000 
RAM 70- 11111111 22222222 33333333 44444444 55555555 66666666 00000000 00000000 

line=0  V=0  tag=000000  w0=00000000  w1=00000000  w2=00000000  w3=00000000
line=1  V=0  tag=000000  w0=00000000  w1=00000000  w2=00000000  w3=00000000
line=2  V=0  tag=000000  w0=00000000  w1=00000000  w2=00000000  w3=00000000
line=3  V=0  tag=000000  w0=00000000  w1=00000000  w2=00000000  w3=00000000
clock 1  inst=00000000  PC   =00000000 PCnext=00000004
ID  stage  IR=00000000                                                 rd=00000
EX  stage  IR=00000000  EX_A =00000000  EX_B =00000000  EX_C =00000000 rd=00000
EX  stage             EX_aluB=00000000 EX_res=00000000
MEM stage  IR=00000000  addr =00000000  data =00000000                 rd=00000
WB  stage  IR=00000000  read =00000000  pass =00000000 result=00000000 rd=00000
control RegDst=1  ALUSrc=0  MemtoReg=0  MEMRead=0  MEMWrite=0  WB_write_enb=0
reg 0-7 00000000 00000000 00000000 00000000 00000000 00000000 00000000 00000000 
   8-15 00000000 00000000 00000000 00000000 00000000 00000000 00000000 00000000 
  16-23 00000000 00000000 00000000 00000000 00000000 00000000 00000000 00000000 
RAM 70- 11111111 22222222 33333333 44444444 55555555 66666666 00000000 00000000 

line=0  V=0  tag=000000  w0=00000000  w1=00000000  w2=00000000  w3=00000000
line=1  V=0  tag=000000  w0=00000000  w1=00000000  w2=00000000  w3=00000000
line=2  V=0  tag=000000  w0=00000000  w1=00000000  w2=00000000  w3=00000000
line=3  V=0  tag=000000  w0=00000000  w1=00000000  w2=00000000  w3=00000000
clock 2  inst=00000000  PC   =00000000 PCnext=00000004
ID  stage  IR=00000000                                                 rd=00000
EX  stage  IR=00000000  EX_A =00000000  EX_B =00000000  EX_C =00000000 rd=00000
EX  stage             EX_aluB=00000000 EX_res=00000000
MEM stage  IR=00000000  addr =00000000  data =00000000                 rd=00000
WB  stage  IR=00000000  read =00000000  pass =00000000 result=00000000 rd=00000
control RegDst=1  ALUSrc=0  MemtoReg=0  MEMRead=0  MEMWrite=0  WB_write_enb=0
reg 0-7 00000000 00000000 00000000 00000000 00000000 00000000 00000000 00000000 
   8-15 00000000 00000000 00000000 00000000 00000000 00000000 00000000 00000000 
  16-23 00000000 00000000 00000000 00000000 00000000 00000000 00000000 00000000 
RAM 70- 11111111 22222222 33333333 44444444 55555555 66666666 00000000 00000000 

line=0  V=0  tag=000000  w0=00000000  w1=00000000  w2=00000000  w3=00000000
line=1  V=0  tag=000000  w0=00000000  w1=00000000  w2=00000000  w3=00000000
line=2  V=0  tag=000000  w0=00000000  w1=00000000  w2=00000000  w3=00000000
line=3  V=0  tag=000000  w0=00000000  w1=00000000  w2=00000000  w3=00000000
stall=0clk=3 at=30.2 ns
clock 3  inst=8C010074  PC   =00000000 PCnext=00000004
ID  stage  IR=00000000                                                 rd=00000
EX  stage  IR=00000000  EX_A =00000000  EX_B =00000000  EX_C =00000000 rd=00000
EX  stage             EX_aluB=00000000 EX_res=00000000
MEM stage  IR=00000000  addr =00000000  data =00000000                 rd=00000
WB  stage  IR=00000000  read =00000000  pass =00000000 result=00000000 rd=00000
control RegDst=1  ALUSrc=0  MemtoReg=0  MEMRead=0  MEMWrite=0  WB_write_enb=0
reg 0-7 00000000 00000000 00000000 00000000 00000000 00000000 00000000 00000000 
   8-15 00000000 00000000 00000000 00000000 00000000 00000000 00000000 00000000 
  16-23 00000000 00000000 00000000 00000000 00000000 00000000 00000000 00000000 
RAM 70- 11111111 22222222 33333333 44444444 55555555 66666666 00000000 00000000 

line=0  V=1  tag=000000  w0=8C010074  w1=8C020078  w2=00221820  w3=00222022
line=1  V=0  tag=000000  w0=00000000  w1=00000000  w2=00000000  w3=00000000
line=2  V=0  tag=000000  w0=00000000  w1=00000000  w2=00000000  w3=00000000
line=3  V=0  tag=000000  w0=00000000  w1=00000000  w2=00000000  w3=00000000
clock 4  inst=8C020078  PC   =00000004 PCnext=00000008
ID  stage  IR=8C010074                                                 rd=00001
EX  stage  IR=00000000  EX_A =00000000  EX_B =00000000  EX_C =00000000 rd=00000
EX  stage             EX_aluB=00000000 EX_res=00000000
MEM stage  IR=00000000  addr =00000000  data =00000000                 rd=00000
WB  stage  IR=00000000  read =00000000  pass =00000000 result=00000000 rd=00000
control RegDst=0  ALUSrc=0  MemtoReg=0  MEMRead=0  MEMWrite=0  WB_write_enb=0
reg 0-7 00000000 00000000 00000000 00000000 00000000 00000000 00000000 00000000 
   8-15 00000000 00000000 00000000 00000000 00000000 00000000 00000000 00000000 
  16-23 00000000 00000000 00000000 00000000 00000000 00000000 00000000 00000000 
RAM 70- 11111111 22222222 33333333 44444444 55555555 66666666 00000000 00000000 

line=0  V=1  tag=000000  w0=8C010074  w1=8C020078  w2=00221820  w3=00222022
line=1  V=0  tag=000000  w0=00000000  w1=00000000  w2=00000000  w3=00000000
line=2  V=0  tag=000000  w0=00000000  w1=00000000  w2=00000000  w3=00000000
line=3  V=0  tag=000000  w0=00000000  w1=00000000  w2=00000000  w3=00000000
clock 5  inst=00221820  PC   =00000008 PCnext=0000000C
ID  stage  IR=8C020078                                                 rd=00010
EX  stage  IR=8C010074  EX_A =00000000  EX_B =00000000  EX_C =00000074 rd=00001
EX  stage             EX_aluB=00000074 EX_res=00000074
MEM stage  IR=00000000  addr =00000000  data =00000000                 rd=00000
WB  stage  IR=00000000  read =00000000  pass =00000000 result=00000000 rd=00000
control RegDst=0  ALUSrc=1  MemtoReg=0  MEMRead=0  MEMWrite=0  WB_write_enb=0
reg 0-7 00000000 00000000 00000000 00000000 00000000 00000000 00000000 00000000 
   8-15 00000000 00000000 00000000 00000000 00000000 00000000 00000000 00000000 
  16-23 00000000 00000000 00000000 00000000 00000000 00000000 00000000 00000000 
RAM 70- 11111111 22222222 33333333 44444444 55555555 66666666 00000000 00000000 

line=0  V=1  tag=000000  w0=8C010074  w1=8C020078  w2=00221820  w3=00222022
line=1  V=0  tag=000000  w0=00000000  w1=00000000  w2=00000000  w3=00000000
line=2  V=0  tag=000000  w0=00000000  w1=00000000  w2=00000000  w3=00000000
line=3  V=0  tag=000000  w0=00000000  w1=00000000  w2=00000000  w3=00000000
stall=1clk=6 at=60.45 ns
clock 6  inst=00222022  PC   =0000000C PCnext=00000010
ID  stage  IR=00221820                                                 rd=00000
EX  stage  IR=8C020078  EX_A =00000000  EX_B =00000000  EX_C =00000078 rd=00010
EX  stage             EX_aluB=00000078 EX_res=00000078
MEM stage  IR=8C010074  addr =00000074  data =00000000  read =22222222 rd=00001
WB  stage  IR=00000000  read =00000000  pass =00000000 result=00000000 rd=00000
control RegDst=1  ALUSrc=1  MemtoReg=0  MEMRead=1  MEMWrite=0  WB_write_enb=0
reg 0-7 00000000 00000000 00000000 00000000 00000000 00000000 00000000 00000000 
   8-15 00000000 00000000 00000000 00000000 00000000 00000000 00000000 00000000 
  16-23 00000000 00000000 00000000 00000000 00000000 00000000 00000000 00000000 
RAM 70- 11111111 22222222 33333333 44444444 55555555 66666666 00000000 00000000 

line=0  V=1  tag=000000  w0=8C010074  w1=8C020078  w2=00221820  w3=00222022
line=1  V=0  tag=000000  w0=00000000  w1=00000000  w2=00000000  w3=00000000
line=2  V=0  tag=000000  w0=00000000  w1=00000000  w2=00000000  w3=00000000
line=3  V=0  tag=000000  w0=00000000  w1=00000000  w2=00000000  w3=00000000
stall=0clk=7 at=70.45 ns
clock 7  inst=00222022  PC   =0000000C PCnext=00000010
ID  stage  IR=00221820  write=22222222  into =00000001                 rd=00011
EX  stage  IR=00000000  EX_A =00000000  EX_B =00000000  EX_C =00001820 rd=00000
EX  stage             EX_aluB=00000000 EX_res=00000000
MEM stage  IR=8C020078  addr =00000078  data =00000000  read =33333333 rd=00010
WB  stage  IR=8C010074  read =22222222  pass =00000074 result=22222222 rd=00001
control RegDst=1  ALUSrc=0  MemtoReg=1  MEMRead=1  MEMWrite=0  WB_write_enb=1
reg 0-7 00000000 22222222 00000000 00000000 00000000 00000000 00000000 00000000 
   8-15 00000000 00000000 00000000 00000000 00000000 00000000 00000000 00000000 
  16-23 00000000 00000000 00000000 00000000 00000000 00000000 00000000 00000000 
RAM 70- 11111111 22222222 33333333 44444444 55555555 66666666 00000000 00000000 

line=0  V=1  tag=000000  w0=8C010074  w1=8C020078  w2=00221820  w3=00222022
line=1  V=0  tag=000000  w0=00000000  w1=00000000  w2=00000000  w3=00000000
line=2  V=0  tag=000000  w0=00000000  w1=00000000  w2=00000000  w3=00000000
line=3  V=0  tag=000000  w0=00000000  w1=00000000  w2=00000000  w3=00000000
stall=1clk=8 at=80.45 ns
clock 8  inst=00000000  PC   =00000010 PCnext=00000014
ID  stage  IR=00222022  write=33333333  into =00000002                 rd=00000
EX  stage  IR=00221820  EX_A =22222222  EX_B =00000000  EX_C =00001820 rd=00011
EX  stage             EX_aluB=33333333 EX_res=55555555
MEM stage  IR=00000000  addr =00000000  data =00000000                 rd=00000
WB  stage  IR=8C020078  read =33333333  pass =00000078 result=33333333 rd=00010
control RegDst=1  ALUSrc=0  MemtoReg=1  MEMRead=0  MEMWrite=0  WB_write_enb=1
reg 0-7 00000000 22222222 33333333 00000000 00000000 00000000 00000000 00000000 
   8-15 00000000 00000000 00000000 00000000 00000000 00000000 00000000 00000000 
  16-23 00000000 00000000 00000000 00000000 00000000 00000000 00000000 00000000 
RAM 70- 11111111 22222222 33333333 44444444 55555555 66666666 00000000 00000000 

line=0  V=1  tag=000000  w0=8C010074  w1=8C020078  w2=00221820  w3=00222022
line=1  V=0  tag=000000  w0=00000000  w1=00000000  w2=00000000  w3=00000000
line=2  V=0  tag=000000  w0=00000000  w1=00000000  w2=00000000  w3=00000000
line=3  V=0  tag=000000  w0=00000000  w1=00000000  w2=00000000  w3=00000000
clock 9  inst=00000000  PC   =00000010 PCnext=00000014
ID  stage  IR=00222022                                                 rd=00000
EX  stage  IR=00000000  EX_A =22222222  EX_B =33333333  EX_C =00002022 rd=00000
EX  stage             EX_aluB=33333333 EX_res=55555555
MEM stage  IR=00221820  addr =55555555  data =33333333                 rd=00011
WB  stage  IR=00000000  read =00000000  pass =00000000 result=00000000 rd=00000
control RegDst=1  ALUSrc=0  MemtoReg=0  MEMRead=0  MEMWrite=0  WB_write_enb=0
reg 0-7 00000000 22222222 33333333 00000000 00000000 00000000 00000000 00000000 
   8-15 00000000 00000000 00000000 00000000 00000000 00000000 00000000 00000000 
  16-23 00000000 00000000 00000000 00000000 00000000 00000000 00000000 00000000 
RAM 70- 11111111 22222222 33333333 44444444 55555555 66666666 00000000 00000000 

line=0  V=1  tag=000000  w0=8C010074  w1=8C020078  w2=00221820  w3=00222022
line=1  V=0  tag=000000  w0=00000000  w1=00000000  w2=00000000  w3=00000000
line=2  V=0  tag=000000  w0=00000000  w1=00000000  w2=00000000  w3=00000000
line=3  V=0  tag=000000  w0=00000000  w1=00000000  w2=00000000  w3=00000000
clock 10  inst=00000000  PC   =00000010 PCnext=00000014
ID  stage  IR=00222022  write=55555555  into =00000003                 rd=00000
EX  stage  IR=00000000  EX_A =22222222  EX_B =33333333  EX_C =00002022 rd=00000
EX  stage             EX_aluB=33333333 EX_res=55555555
MEM stage  IR=00000000  addr =55555555  data =33333333                 rd=00000
WB  stage  IR=00221820  read =00000000  pass =55555555 result=55555555 rd=00011
control RegDst=1  ALUSrc=0  MemtoReg=0  MEMRead=0  MEMWrite=0  WB_write_enb=1
reg 0-7 00000000 22222222 33333333 55555555 00000000 00000000 00000000 00000000 
   8-15 00000000 00000000 00000000 00000000 00000000 00000000 00000000 00000000 
  16-23 00000000 00000000 00000000 00000000 00000000 00000000 00000000 00000000 
RAM 70- 11111111 22222222 33333333 44444444 55555555 66666666 00000000 00000000 

line=0  V=1  tag=000000  w0=8C010074  w1=8C020078  w2=00221820  w3=00222022
line=1  V=0  tag=000000  w0=00000000  w1=00000000  w2=00000000  w3=00000000
line=2  V=0  tag=000000  w0=00000000  w1=00000000  w2=00000000  w3=00000000
line=3  V=0  tag=000000  w0=00000000  w1=00000000  w2=00000000  w3=00000000
stall=0clk=11 at=110.45 ns
clock 11  inst=00012BC4  PC   =00000010 PCnext=00000014
ID  stage  IR=00222022                                                 rd=00100
EX  stage  IR=00000000  EX_A =22222222  EX_B =33333333  EX_C =00002022 rd=00000
EX  stage             EX_aluB=33333333 EX_res=55555555
MEM stage  IR=00000000  addr =55555555  data =33333333                 rd=00000
WB  stage  IR=00000000  read =00000000  pass =55555555 result=55555555 rd=00000
control RegDst=1  ALUSrc=0  MemtoReg=0  MEMRead=0  MEMWrite=0  WB_write_enb=0
reg 0-7 00000000 22222222 33333333 55555555 00000000 00000000 00000000 00000000 
   8-15 00000000 00000000 00000000 00000000 00000000 00000000 00000000 00000000 
  16-23 00000000 00000000 00000000 00000000 00000000 00000000 00000000 00000000 
RAM 70- 11111111 22222222 33333333 44444444 55555555 66666666 00000000 00000000 

line=0  V=1  tag=000000  w0=8C010074  w1=8C020078  w2=00221820  w3=00222022
line=1  V=1  tag=000000  w0=00012BC4  w1=00023402  w2=0003380B  w3=AC01007C
line=2  V=0  tag=000000  w0=00000000  w1=00000000  w2=00000000  w3=00000000
line=3  V=0  tag=000000  w0=00000000  w1=00000000  w2=00000000  w3=00000000
clock 12  inst=00023402  PC   =00000014 PCnext=00000018
ID  stage  IR=00012BC4                                                 rd=00101
EX  stage  IR=00222022  EX_A =22222222  EX_B =33333333  EX_C =00002022 rd=00100
EX  stage             EX_aluB=33333333 EX_res=EEEEEEEF
MEM stage  IR=00000000  addr =55555555  data =33333333                 rd=00000
WB  stage  IR=00000000  read =00000000  pass =55555555 result=55555555 rd=00000
control RegDst=1  ALUSrc=0  MemtoReg=0  MEMRead=0  MEMWrite=0  WB_write_enb=0
reg 0-7 00000000 22222222 33333333 55555555 00000000 00000000 00000000 00000000 
   8-15 00000000 00000000 00000000 00000000 00000000 00000000 00000000 00000000 
  16-23 00000000 00000000 00000000 00000000 00000000 00000000 00000000 00000000 
RAM 70- 11111111 22222222 33333333 44444444 55555555 66666666 00000000 00000000 

line=0  V=1  tag=000000  w0=8C010074  w1=8C020078  w2=00221820  w3=00222022
line=1  V=1  tag=000000  w0=00012BC4  w1=00023402  w2=0003380B  w3=AC01007C
line=2  V=0  tag=000000  w0=00000000  w1=00000000  w2=00000000  w3=00000000
line=3  V=0  tag=000000  w0=00000000  w1=00000000  w2=00000000  w3=00000000
clock 13  inst=0003380B  PC   =00000018 PCnext=0000001C
ID  stage  IR=00023402                                                 rd=00110
EX  stage  IR=00012BC4  EX_A =00000000  EX_B =22222222  EX_C =00002BC4 rd=00101
EX  stage             EX_aluB=22222222 EX_res=11110000
MEM stage  IR=00222022  addr =EEEEEEEF  data =33333333                 rd=00100
WB  stage  IR=00000000  read =00000000  pass =55555555 result=55555555 rd=00000
control RegDst=1  ALUSrc=0  MemtoReg=0  MEMRead=0  MEMWrite=0  WB_write_enb=0
reg 0-7 00000000 22222222 33333333 55555555 00000000 00000000 00000000 00000000 
   8-15 00000000 00000000 00000000 00000000 00000000 00000000 00000000 00000000 
  16-23 00000000 00000000 00000000 00000000 00000000 00000000 00000000 00000000 
RAM 70- 11111111 22222222 33333333 44444444 55555555 66666666 00000000 00000000 

line=0  V=1  tag=000000  w0=8C010074  w1=8C020078  w2=00221820  w3=00222022
line=1  V=1  tag=000000  w0=00012BC4  w1=00023402  w2=0003380B  w3=AC01007C
line=2  V=0  tag=000000  w0=00000000  w1=00000000  w2=00000000  w3=00000000
line=3  V=0  tag=000000  w0=00000000  w1=00000000  w2=00000000  w3=00000000
clock 14  inst=AC01007C  PC   =0000001C PCnext=00000020
ID  stage  IR=0003380B  write=EEEEEEEF  into =00000004                 rd=00111
EX  stage  IR=00023402  EX_A =00000000  EX_B =33333333  EX_C =00003402 rd=00110
EX  stage             EX_aluB=33333333 EX_res=00003333
MEM stage  IR=00012BC4  addr =11110000  data =22222222                 rd=00101
WB  stage  IR=00222022  read =00000000  pass =EEEEEEEF result=EEEEEEEF rd=00100
control RegDst=1  ALUSrc=0  MemtoReg=0  MEMRead=0  MEMWrite=0  WB_write_enb=1
reg 0-7 00000000 22222222 33333333 55555555 EEEEEEEF 00000000 00000000 00000000 
   8-15 00000000 00000000 00000000 00000000 00000000 00000000 00000000 00000000 
  16-23 00000000 00000000 00000000 00000000 00000000 00000000 00000000 00000000 
RAM 70- 11111111 22222222 33333333 44444444 55555555 66666666 00000000 00000000 

line=0  V=1  tag=000000  w0=8C010074  w1=8C020078  w2=00221820  w3=00222022
line=1  V=1  tag=000000  w0=00012BC4  w1=00023402  w2=0003380B  w3=AC01007C
line=2  V=0  tag=000000  w0=00000000  w1=00000000  w2=00000000  w3=00000000
line=3  V=0  tag=000000  w0=00000000  w1=00000000  w2=00000000  w3=00000000
stall=1clk=15 at=150.45 ns
clock 15  inst=00000000  PC   =00000020 PCnext=00000024
ID  stage  IR=AC01007C  write=11110000  into =00000005                 rd=00000
EX  stage  IR=0003380B  EX_A =00000000  EX_B =55555555  EX_C =0000380B rd=00111
EX  stage             EX_aluB=55555555 EX_res=AAAAAAAA
MEM stage  IR=00023402  addr =00003333  data =33333333                 rd=00110
WB  stage  IR=00012BC4  read =00000000  pass =11110000 result=11110000 rd=00101
control RegDst=0  ALUSrc=0  MemtoReg=0  MEMRead=0  MEMWrite=0  WB_write_enb=1
reg 0-7 00000000 22222222 33333333 55555555 EEEEEEEF 11110000 00000000 00000000 
   8-15 00000000 00000000 00000000 00000000 00000000 00000000 00000000 00000000 
  16-23 00000000 00000000 00000000 00000000 00000000 00000000 00000000 00000000 
RAM 70- 11111111 22222222 33333333 44444444 55555555 66666666 00000000 00000000 

line=0  V=1  tag=000000  w0=8C010074  w1=8C020078  w2=00221820  w3=00222022
line=1  V=1  tag=000000  w0=00012BC4  w1=00023402  w2=0003380B  w3=AC01007C
line=2  V=0  tag=000000  w0=00000000  w1=00000000  w2=00000000  w3=00000000
line=3  V=0  tag=000000  w0=00000000  w1=00000000  w2=00000000  w3=00000000
clock 16  inst=00000000  PC   =00000020 PCnext=00000024
ID  stage  IR=AC01007C  write=00003333  into =00000006                 rd=00000
EX  stage  IR=00000000  EX_A =00000000  EX_B =22222222  EX_C =0000007C rd=00000
EX  stage             EX_aluB=22222222 EX_res=22222222
MEM stage  IR=0003380B  addr =AAAAAAAA  data =55555555                 rd=00111
WB  stage  IR=00023402  read =00000000  pass =00003333 result=00003333 rd=00110
control RegDst=0  ALUSrc=0  MemtoReg=0  MEMRead=0  MEMWrite=0  WB_write_enb=1
reg 0-7 00000000 22222222 33333333 55555555 EEEEEEEF 11110000 00003333 00000000 
   8-15 00000000 00000000 00000000 00000000 00000000 00000000 00000000 00000000 
  16-23 00000000 00000000 00000000 00000000 00000000 00000000 00000000 00000000 
RAM 70- 11111111 22222222 33333333 44444444 55555555 66666666 00000000 00000000 

line=0  V=1  tag=000000  w0=8C010074  w1=8C020078  w2=00221820  w3=00222022
line=1  V=1  tag=000000  w0=00012BC4  w1=00023402  w2=0003380B  w3=AC01007C
line=2  V=0  tag=000000  w0=00000000  w1=00000000  w2=00000000  w3=00000000
line=3  V=0  tag=000000  w0=00000000  w1=00000000  w2=00000000  w3=00000000
clock 17  inst=00000000  PC   =00000020 PCnext=00000024
ID  stage  IR=AC01007C  write=AAAAAAAA  into =00000007                 rd=00000
EX  stage  IR=00000000  EX_A =00000000  EX_B =22222222  EX_C =0000007C rd=00000
EX  stage             EX_aluB=22222222 EX_res=22222222
MEM stage  IR=00000000  addr =22222222  data =22222222                 rd=00000
WB  stage  IR=0003380B  read =00000000  pass =AAAAAAAA result=AAAAAAAA rd=00111
control RegDst=0  ALUSrc=0  MemtoReg=0  MEMRead=0  MEMWrite=0  WB_write_enb=1
reg 0-7 00000000 22222222 33333333 55555555 EEEEEEEF 11110000 00003333 AAAAAAAA 
   8-15 00000000 00000000 00000000 00000000 00000000 00000000 00000000 00000000 
  16-23 00000000 00000000 00000000 00000000 00000000 00000000 00000000 00000000 
RAM 70- 11111111 22222222 33333333 44444444 55555555 66666666 00000000 00000000 

line=0  V=1  tag=000000  w0=8C010074  w1=8C020078  w2=00221820  w3=00222022
line=1  V=1  tag=000000  w0=00012BC4  w1=00023402  w2=0003380B  w3=AC01007C
line=2  V=0  tag=000000  w0=00000000  w1=00000000  w2=00000000  w3=00000000
line=3  V=0  tag=000000  w0=00000000  w1=00000000  w2=00000000  w3=00000000
stall=0clk=18 at=180.45 ns
clock 18  inst=30A80070  PC   =00000020 PCnext=00000024
ID  stage  IR=AC01007C                                                 rd=00000
EX  stage  IR=00000000  EX_A =00000000  EX_B =22222222  EX_C =0000007C rd=00000
EX  stage             EX_aluB=22222222 EX_res=22222222
MEM stage  IR=00000000  addr =22222222  data =22222222                 rd=00000
WB  stage  IR=00000000  read =00000000  pass =22222222 result=22222222 rd=00000
control RegDst=0  ALUSrc=0  MemtoReg=0  MEMRead=0  MEMWrite=0  WB_write_enb=0
reg 0-7 00000000 22222222 33333333 55555555 EEEEEEEF 11110000 00003333 AAAAAAAA 
   8-15 00000000 00000000 00000000 00000000 00000000 00000000 00000000 00000000 
  16-23 00000000 00000000 00000000 00000000 00000000 00000000 00000000 00000000 
RAM 70- 11111111 22222222 33333333 44444444 55555555 66666666 00000000 00000000 

line=0  V=1  tag=000000  w0=8C010074  w1=8C020078  w2=00221820  w3=00222022
line=1  V=1  tag=000000  w0=00012BC4  w1=00023402  w2=0003380B  w3=AC01007C
line=2  V=1  tag=000000  w0=30A80070  w1=8C0F0070  w2=8C100074  w3=01F08820
line=3  V=0  tag=000000  w0=00000000  w1=00000000  w2=00000000  w3=00000000
clock 19  inst=8C0F0070  PC   =00000024 PCnext=00000028
ID  stage  IR=30A80070                                                 rd=01000
EX  stage  IR=AC01007C  EX_A =00000000  EX_B =22222222  EX_C =0000007C rd=00000
EX  stage             EX_aluB=0000007C EX_res=0000007C
MEM stage  IR=00000000  addr =22222222  data =22222222                 rd=00000
WB  stage  IR=00000000  read =00000000  pass =22222222 result=22222222 rd=00000
control RegDst=0  ALUSrc=1  MemtoReg=0  MEMRead=0  MEMWrite=0  WB_write_enb=0
reg 0-7 00000000 22222222 33333333 55555555 EEEEEEEF 11110000 00003333 AAAAAAAA 
   8-15 00000000 00000000 00000000 00000000 00000000 00000000 00000000 00000000 
  16-23 00000000 00000000 00000000 00000000 00000000 00000000 00000000 00000000 
RAM 70- 11111111 22222222 33333333 44444444 55555555 66666666 00000000 00000000 

line=0  V=1  tag=000000  w0=8C010074  w1=8C020078  w2=00221820  w3=00222022
line=1  V=1  tag=000000  w0=00012BC4  w1=00023402  w2=0003380B  w3=AC01007C
line=2  V=1  tag=000000  w0=30A80070  w1=8C0F0070  w2=8C100074  w3=01F08820
line=3  V=0  tag=000000  w0=00000000  w1=00000000  w2=00000000  w3=00000000
clock 20  inst=8C100074  PC   =00000028 PCnext=0000002C
ID  stage  IR=8C0F0070                                                 rd=01111
EX  stage  IR=30A80070  EX_A =11110000  EX_B =00000000  EX_C =00000070 rd=01000
EX  stage             EX_aluB=00000070 EX_res=11110070
MEM stage  IR=AC01007C  addr =0000007C  data =22222222  wrote=22222222 rd=00000
WB  stage  IR=00000000  read =00000000  pass =22222222 result=22222222 rd=00000
control RegDst=0  ALUSrc=1  MemtoReg=0  MEMRead=0  MEMWrite=1  WB_write_enb=0
reg 0-7 00000000 22222222 33333333 55555555 EEEEEEEF 11110000 00003333 AAAAAAAA 
   8-15 00000000 00000000 00000000 00000000 00000000 00000000 00000000 00000000 
  16-23 00000000 00000000 00000000 00000000 00000000 00000000 00000000 00000000 
RAM 70- 11111111 22222222 33333333 22222222 55555555 66666666 00000000 00000000 

line=0  V=1  tag=000000  w0=8C010074  w1=8C020078  w2=00221820  w3=00222022
line=1  V=1  tag=000000  w0=00012BC4  w1=00023402  w2=0003380B  w3=AC01007C
line=2  V=1  tag=000000  w0=30A80070  w1=8C0F0070  w2=8C100074  w3=01F08820
line=3  V=0  tag=000000  w0=00000000  w1=00000000  w2=00000000  w3=00000000
clock 21  inst=01F08820  PC   =0000002C PCnext=00000030
ID  stage  IR=8C100074                                                 rd=10000
EX  stage  IR=8C0F0070  EX_A =00000000  EX_B =00000000  EX_C =00000070 rd=01111
EX  stage             EX_aluB=00000070 EX_res=00000070
MEM stage  IR=30A80070  addr =11110070  data =00000000                 rd=01000
WB  stage  IR=AC01007C  read =22222222  pass =0000007C result=0000007C rd=00000
control RegDst=0  ALUSrc=1  MemtoReg=0  MEMRead=0  MEMWrite=0  WB_write_enb=0
reg 0-7 00000000 22222222 33333333 55555555 EEEEEEEF 11110000 00003333 AAAAAAAA 
   8-15 00000000 00000000 00000000 00000000 00000000 00000000 00000000 00000000 
  16-23 00000000 00000000 00000000 00000000 00000000 00000000 00000000 00000000 
RAM 70- 11111111 22222222 33333333 22222222 55555555 66666666 00000000 00000000 

line=0  V=1  tag=000000  w0=8C010074  w1=8C020078  w2=00221820  w3=00222022
line=1  V=1  tag=000000  w0=00012BC4  w1=00023402  w2=0003380B  w3=AC01007C
line=2  V=1  tag=000000  w0=30A80070  w1=8C0F0070  w2=8C100074  w3=01F08820
line=3  V=0  tag=000000  w0=00000000  w1=00000000  w2=00000000  w3=00000000
stall=1clk=22 at=220.45 ns
clock 22  inst=00000000  PC   =00000030 PCnext=00000034
ID  stage  IR=01F08820  write=11110070  into =00000008                 rd=00000
EX  stage  IR=8C100074  EX_A =00000000  EX_B =00000000  EX_C =00000074 rd=10000
EX  stage             EX_aluB=00000074 EX_res=00000074
MEM stage  IR=8C0F0070  addr =00000070  data =00000000  read =11111111 rd=01111
WB  stage  IR=30A80070  read =00000000  pass =11110070 result=11110070 rd=01000
control RegDst=1  ALUSrc=1  MemtoReg=0  MEMRead=1  MEMWrite=0  WB_write_enb=1
reg 0-7 00000000 22222222 33333333 55555555 EEEEEEEF 11110000 00003333 AAAAAAAA 
   8-15 11110070 00000000 00000000 00000000 00000000 00000000 00000000 00000000 
  16-23 00000000 00000000 00000000 00000000 00000000 00000000 00000000 00000000 
RAM 70- 11111111 22222222 33333333 22222222 55555555 66666666 00000000 00000000 

line=0  V=1  tag=000000  w0=8C010074  w1=8C020078  w2=00221820  w3=00222022
line=1  V=1  tag=000000  w0=00012BC4  w1=00023402  w2=0003380B  w3=AC01007C
line=2  V=1  tag=000000  w0=30A80070  w1=8C0F0070  w2=8C100074  w3=01F08820
line=3  V=0  tag=000000  w0=00000000  w1=00000000  w2=00000000  w3=00000000
clock 23  inst=00000000  PC   =00000030 PCnext=00000034
ID  stage  IR=01F08820  write=11111111  into =0000000F                 rd=00000
EX  stage  IR=00000000  EX_A =00000000  EX_B =00000000  EX_C =FFFF8820 rd=00000
EX  stage             EX_aluB=00000000 EX_res=00000000
MEM stage  IR=8C100074  addr =00000074  data =00000000  read =22222222 rd=10000
WB  stage  IR=8C0F0070  read =11111111  pass =00000070 result=11111111 rd=01111
control RegDst=1  ALUSrc=0  MemtoReg=1  MEMRead=1  MEMWrite=0  WB_write_enb=1
reg 0-7 00000000 22222222 33333333 55555555 EEEEEEEF 11110000 00003333 AAAAAAAA 
   8-15 11110070 00000000 00000000 00000000 00000000 00000000 00000000 11111111 
  16-23 00000000 00000000 00000000 00000000 00000000 00000000 00000000 00000000 
RAM 70- 11111111 22222222 33333333 22222222 55555555 66666666 00000000 00000000 

line=0  V=1  tag=000000  w0=8C010074  w1=8C020078  w2=00221820  w3=00222022
line=1  V=1  tag=000000  w0=00012BC4  w1=00023402  w2=0003380B  w3=AC01007C
line=2  V=1  tag=000000  w0=30A80070  w1=8C0F0070  w2=8C100074  w3=01F08820
line=3  V=0  tag=000000  w0=00000000  w1=00000000  w2=00000000  w3=00000000
clock 24  inst=00000000  PC   =00000030 PCnext=00000034
ID  stage  IR=01F08820  write=22222222  into =00000010                 rd=00000
EX  stage  IR=00000000  EX_A =11111111  EX_B =00000000  EX_C =FFFF8820 rd=00000
EX  stage             EX_aluB=00000000 EX_res=11111111
MEM stage  IR=00000000  addr =00000000  data =00000000                 rd=00000
WB  stage  IR=8C100074  read =22222222  pass =00000074 result=22222222 rd=10000
control RegDst=1  ALUSrc=0  MemtoReg=1  MEMRead=0  MEMWrite=0  WB_write_enb=1
reg 0-7 00000000 22222222 33333333 55555555 EEEEEEEF 11110000 00003333 AAAAAAAA 
   8-15 11110070 00000000 00000000 00000000 00000000 00000000 00000000 11111111 
  16-23 22222222 00000000 00000000 00000000 00000000 00000000 00000000 00000000 
RAM 70- 11111111 22222222 33333333 22222222 55555555 66666666 00000000 00000000 

line=0  V=1  tag=000000  w0=8C010074  w1=8C020078  w2=00221820  w3=00222022
line=1  V=1  tag=000000  w0=00012BC4  w1=00023402  w2=0003380B  w3=AC01007C
line=2  V=1  tag=000000  w0=30A80070  w1=8C0F0070  w2=8C100074  w3=01F08820
line=3  V=0  tag=000000  w0=00000000  w1=00000000  w2=00000000  w3=00000000
stall=0clk=25 at=250.45 ns
clock 25  inst=02319020  PC   =00000030 PCnext=00000034
ID  stage  IR=01F08820                                                 rd=10001
EX  stage  IR=00000000  EX_A =11111111  EX_B =22222222  EX_C =FFFF8820 rd=00000
EX  stage             EX_aluB=22222222 EX_res=33333333
MEM stage  IR=00000000  addr =11111111  data =00000000                 rd=00000
WB  stage  IR=00000000  read =00000000  pass =00000000 result=00000000 rd=00000
control RegDst=1  ALUSrc=0  MemtoReg=0  MEMRead=0  MEMWrite=0  WB_write_enb=0
reg 0-7 00000000 22222222 33333333 55555555 EEEEEEEF 11110000 00003333 AAAAAAAA 
   8-15 11110070 00000000 00000000 00000000 00000000 00000000 00000000 11111111 
  16-23 22222222 00000000 00000000 00000000 00000000 00000000 00000000 00000000 
RAM 70- 11111111 22222222 33333333 22222222 55555555 66666666 00000000 00000000 

line=0  V=1  tag=000000  w0=8C010074  w1=8C020078  w2=00221820  w3=00222022
line=1  V=1  tag=000000  w0=00012BC4  w1=00023402  w2=0003380B  w3=AC01007C
line=2  V=1  tag=000000  w0=30A80070  w1=8C0F0070  w2=8C100074  w3=01F08820
line=3  V=1  tag=000000  w0=02319020  w1=76320006  w2=8C090080  w3=0211980F
clock 26  inst=76320006  PC   =00000034 PCnext=00000038
ID  stage  IR=02319020                                                 rd=10010
EX  stage  IR=01F08820  EX_A =11111111  EX_B =22222222  EX_C =FFFF8820 rd=10001
EX  stage             EX_aluB=22222222 EX_res=33333333
MEM stage  IR=00000000  addr =33333333  data =22222222                 rd=00000
WB  stage  IR=00000000  read =00000000  pass =11111111 result=11111111 rd=00000
control RegDst=1  ALUSrc=0  MemtoReg=0  MEMRead=0  MEMWrite=0  WB_write_enb=0
reg 0-7 00000000 22222222 33333333 55555555 EEEEEEEF 11110000 00003333 AAAAAAAA 
   8-15 11110070 00000000 00000000 00000000 00000000 00000000 00000000 11111111 
  16-23 22222222 00000000 00000000 00000000 00000000 00000000 00000000 00000000 
RAM 70- 11111111 22222222 33333333 22222222 55555555 66666666 00000000 00000000 

line=0  V=1  tag=000000  w0=8C010074  w1=8C020078  w2=00221820  w3=00222022
line=1  V=1  tag=000000  w0=00012BC4  w1=00023402  w2=0003380B  w3=AC01007C
line=2  V=1  tag=000000  w0=30A80070  w1=8C0F0070  w2=8C100074  w3=01F08820
line=3  V=1  tag=000000  w0=02319020  w1=76320006  w2=8C090080  w3=0211980F
stall=1clk=27 at=270.45 ns
clock 27  inst=8C090080  PC   =00000038 PCnext=0000003C
ID  stage  IR=76320006                                                 rd=00000
EX  stage  IR=02319020  EX_A =00000000  EX_B =00000000  EX_C =FFFF9020 rd=10010
EX  stage             EX_aluB=33333333 EX_res=66666666
MEM stage  IR=01F08820  addr =33333333  data =22222222                 rd=10001
WB  stage  IR=00000000  read =00000000  pass =33333333 result=33333333 rd=00000
control RegDst=0  ALUSrc=0  MemtoReg=0  MEMRead=0  MEMWrite=0  WB_write_enb=0
reg 0-7 00000000 22222222 33333333 55555555 EEEEEEEF 11110000 00003333 AAAAAAAA 
   8-15 11110070 00000000 00000000 00000000 00000000 00000000 00000000 11111111 
  16-23 22222222 00000000 00000000 00000000 00000000 00000000 00000000 00000000 
RAM 70- 11111111 22222222 33333333 22222222 55555555 66666666 00000000 00000000 

line=0  V=1  tag=000000  w0=8C010074  w1=8C020078  w2=00221820  w3=00222022
line=1  V=1  tag=000000  w0=00012BC4  w1=00023402  w2=0003380B  w3=AC01007C
line=2  V=1  tag=000000  w0=30A80070  w1=8C0F0070  w2=8C100074  w3=01F08820
line=3  V=1  tag=000000  w0=02319020  w1=76320006  w2=8C090080  w3=0211980F
stall=0clk=28 at=280.45 ns
clock 28  inst=8C090080  PC   =00000038 PCnext=0000003C
ID  stage  IR=76320006  write=33333333  into =00000011                 rd=00000
EX  stage  IR=00000000  EX_A =00000000  EX_B =00000000  EX_C =00000006 rd=00000
EX  stage             EX_aluB=00000000 EX_res=00000000
MEM stage  IR=02319020  addr =66666666  data =33333333                 rd=10010
WB  stage  IR=01F08820  read =00000000  pass =33333333 result=33333333 rd=10001
control RegDst=0  ALUSrc=0  MemtoReg=0  MEMRead=0  MEMWrite=0  WB_write_enb=1
reg 0-7 00000000 22222222 33333333 55555555 EEEEEEEF 11110000 00003333 AAAAAAAA 
   8-15 11110070 00000000 00000000 00000000 00000000 00000000 00000000 11111111 
  16-23 22222222 33333333 00000000 00000000 00000000 00000000 00000000 00000000 
RAM 70- 11111111 22222222 33333333 22222222 55555555 66666666 00000000 00000000 

line=0  V=1  tag=000000  w0=8C010074  w1=8C020078  w2=00221820  w3=00222022
line=1  V=1  tag=000000  w0=00012BC4  w1=00023402  w2=0003380B  w3=AC01007C
line=2  V=1  tag=000000  w0=30A80070  w1=8C0F0070  w2=8C100074  w3=01F08820
line=3  V=1  tag=000000  w0=02319020  w1=76320006  w2=8C090080  w3=0211980F
clock 29  inst=0211980F  PC   =0000003C PCnext=00000040
ID  stage  IR=8C090080  write=66666666  into =00000012                 rd=01001
EX  stage  IR=76320006  EX_A =33333333  EX_B =00000000  EX_C =00000006 rd=00000
EX  stage             EX_aluB=00000006 EX_res=33333339
MEM stage  IR=00000000  addr =00000000  data =00000000                 rd=00000
WB  stage  IR=02319020  read =00000000  pass =66666666 result=66666666 rd=10010
control RegDst=0  ALUSrc=1  MemtoReg=0  MEMRead=0  MEMWrite=0  WB_write_enb=1
reg 0-7 00000000 22222222 33333333 55555555 EEEEEEEF 11110000 00003333 AAAAAAAA 
   8-15 11110070 00000000 00000000 00000000 00000000 00000000 00000000 11111111 
  16-23 22222222 33333333 66666666 00000000 00000000 00000000 00000000 00000000 
RAM 70- 11111111 22222222 33333333 22222222 55555555 66666666 00000000 00000000 

line=0  V=1  tag=000000  w0=8C010074  w1=8C020078  w2=00221820  w3=00222022
line=1  V=1  tag=000000  w0=00012BC4  w1=00023402  w2=0003380B  w3=AC01007C
line=2  V=1  tag=000000  w0=30A80070  w1=8C0F0070  w2=8C100074  w3=01F08820
line=3  V=1  tag=000000  w0=02319020  w1=76320006  w2=8C090080  w3=0211980F
stall=1clk=30 at=300.45 ns
clock 30  inst=00000000  PC   =00000040 PCnext=00000044
ID  stage  IR=0211980F                                                 rd=00000
EX  stage  IR=8C090080  EX_A =00000000  EX_B =00000000  EX_C =00000080 rd=01001
EX  stage             EX_aluB=00000080 EX_res=00000080
MEM stage  IR=76320006  addr =33333339  data =66666666                 rd=00000
WB  stage  IR=00000000  read =00000000  pass =00000000 result=00000000 rd=00000
control RegDst=1  ALUSrc=1  MemtoReg=0  MEMRead=0  MEMWrite=0  WB_write_enb=0
reg 0-7 00000000 22222222 33333333 55555555 EEEEEEEF 11110000 00003333 AAAAAAAA 
   8-15 11110070 00000000 00000000 00000000 00000000 00000000 00000000 11111111 
  16-23 22222222 33333333 66666666 00000000 00000000 00000000 00000000 00000000 
RAM 70- 11111111 22222222 33333333 22222222 55555555 66666666 00000000 00000000 

line=0  V=1  tag=000000  w0=8C010074  w1=8C020078  w2=00221820  w3=00222022
line=1  V=1  tag=000000  w0=00012BC4  w1=00023402  w2=0003380B  w3=AC01007C
line=2  V=1  tag=000000  w0=30A80070  w1=8C0F0070  w2=8C100074  w3=01F08820
line=3  V=1  tag=000000  w0=02319020  w1=76320006  w2=8C090080  w3=0211980F
clock 31  inst=00000000  PC   =00000040 PCnext=00000044
ID  stage  IR=0211980F                                                 rd=00000
EX  stage  IR=00000000  EX_A =22222222  EX_B =33333333  EX_C =FFFF980F rd=00000
EX  stage             EX_aluB=33333333 EX_res=55555555
MEM stage  IR=8C090080  addr =00000080  data =00000000  read =55555555 rd=01001
WB  stage  IR=76320006  read =00000000  pass =33333339 result=33333339 rd=00000
control RegDst=1  ALUSrc=0  MemtoReg=0  MEMRead=1  MEMWrite=0  WB_write_enb=0
reg 0-7 00000000 22222222 33333333 55555555 EEEEEEEF 11110000 00003333 AAAAAAAA 
   8-15 11110070 00000000 00000000 00000000 00000000 00000000 00000000 11111111 
  16-23 22222222 33333333 66666666 00000000 00000000 00000000 00000000 00000000 
RAM 70- 11111111 22222222 33333333 22222222 55555555 66666666 00000000 00000000 

line=0  V=1  tag=000000  w0=8C010074  w1=8C020078  w2=00221820  w3=00222022
line=1  V=1  tag=000000  w0=00012BC4  w1=00023402  w2=0003380B  w3=AC01007C
line=2  V=1  tag=000000  w0=30A80070  w1=8C0F0070  w2=8C100074  w3=01F08820
line=3  V=1  tag=000000  w0=02319020  w1=76320006  w2=8C090080  w3=0211980F
clock 32  inst=00000000  PC   =00000040 PCnext=00000044
ID  stage  IR=0211980F  write=55555555  into =00000009                 rd=00000
EX  stage  IR=00000000  EX_A =22222222  EX_B =33333333  EX_C =FFFF980F rd=00000
EX  stage             EX_aluB=33333333 EX_res=55555555
MEM stage  IR=00000000  addr =55555555  data =33333333                 rd=00000
WB  stage  IR=8C090080  read =55555555  pass =00000080 result=55555555 rd=01001
control RegDst=1  ALUSrc=0  MemtoReg=1  MEMRead=0  MEMWrite=0  WB_write_enb=1
reg 0-7 00000000 22222222 33333333 55555555 EEEEEEEF 11110000 00003333 AAAAAAAA 
   8-15 11110070 55555555 00000000 00000000 00000000 00000000 00000000 11111111 
  16-23 22222222 33333333 66666666 00000000 00000000 00000000 00000000 00000000 
RAM 70- 11111111 22222222 33333333 22222222 55555555 66666666 00000000 00000000 

line=0  V=1  tag=000000  w0=8C010074  w1=8C020078  w2=00221820  w3=00222022
line=1  V=1  tag=000000  w0=00012BC4  w1=00023402  w2=0003380B  w3=AC01007C
line=2  V=1  tag=000000  w0=30A80070  w1=8C0F0070  w2=8C100074  w3=01F08820
line=3  V=1  tag=000000  w0=02319020  w1=76320006  w2=8C090080  w3=0211980F
stall=0clk=33 at=330.45 ns
clock 33  inst=08000014  PC   =00000040 PCnext=00000044
ID  stage  IR=0211980F                                                 rd=10011
EX  stage  IR=00000000  EX_A =22222222  EX_B =33333333  EX_C =FFFF980F rd=00000
EX  stage             EX_aluB=33333333 EX_res=55555555
MEM stage  IR=00000000  addr =55555555  data =33333333                 rd=00000
WB  stage  IR=00000000  read =00000000  pass =55555555 result=55555555 rd=00000
control RegDst=1  ALUSrc=0  MemtoReg=0  MEMRead=0  MEMWrite=0  WB_write_enb=0
reg 0-7 00000000 22222222 33333333 55555555 EEEEEEEF 11110000 00003333 AAAAAAAA 
   8-15 11110070 55555555 00000000 00000000 00000000 00000000 00000000 11111111 
  16-23 22222222 33333333 66666666 00000000 00000000 00000000 00000000 00000000 
RAM 70- 11111111 22222222 33333333 22222222 55555555 66666666 00000000 00000000 

line=0  V=1  tag=000001  w0=08000014  w1=8C010078  w2=8C0C0070  w3=8C0D0070
line=1  V=1  tag=000000  w0=00012BC4  w1=00023402  w2=0003380B  w3=AC01007C
line=2  V=1  tag=000000  w0=30A80070  w1=8C0F0070  w2=8C100074  w3=01F08820
line=3  V=1  tag=000000  w0=02319020  w1=76320006  w2=8C090080  w3=0211980F
clock 34  inst=8C010078  PC   =00000044 PCnext=00000050
ID  stage  IR=08000014                                                 rd=00000
EX  stage  IR=0211980F  EX_A =22222222  EX_B =33333333  EX_C =FFFF980F rd=10011
EX  stage             EX_aluB=33333333 EX_res=33333333
MEM stage  IR=00000000  addr =55555555  data =33333333                 rd=00000
WB  stage  IR=00000000  read =00000000  pass =55555555 result=55555555 rd=00000
control RegDst=0  ALUSrc=0  MemtoReg=0  MEMRead=0  MEMWrite=0  WB_write_enb=0
reg 0-7 00000000 22222222 33333333 55555555 EEEEEEEF 11110000 00003333 AAAAAAAA 
   8-15 11110070 55555555 00000000 00000000 00000000 00000000 00000000 11111111 
  16-23 22222222 33333333 66666666 00000000 00000000 00000000 00000000 00000000 
RAM 70- 11111111 22222222 33333333 22222222 55555555 66666666 00000000 00000000 

line=0  V=1  tag=000001  w0=08000014  w1=8C010078  w2=8C0C0070  w3=8C0D0070
line=1  V=1  tag=000000  w0=00012BC4  w1=00023402  w2=0003380B  w3=AC01007C
line=2  V=1  tag=000000  w0=30A80070  w1=8C0F0070  w2=8C100074  w3=01F08820
line=3  V=1  tag=000000  w0=02319020  w1=76320006  w2=8C090080  w3=0211980F
stall=1clk=35 at=350.45 ns
clock 35  inst=00000000  PC   =00000050 PCnext=00000054
ID  stage  IR=8C010078                                                 rd=00000
EX  stage  IR=08000014  EX_A =00000000  EX_B =00000000  EX_C =00000014 rd=00000
EX  stage             EX_aluB=00000014 EX_res=00000014
MEM stage  IR=0211980F  addr =33333333  data =33333333                 rd=10011
WB  stage  IR=00000000  read =00000000  pass =55555555 result=55555555 rd=00000
control RegDst=0  ALUSrc=1  MemtoReg=0  MEMRead=0  MEMWrite=0  WB_write_enb=0
reg 0-7 00000000 22222222 33333333 55555555 EEEEEEEF 11110000 00003333 AAAAAAAA 
   8-15 11110070 55555555 00000000 00000000 00000000 00000000 00000000 11111111 
  16-23 22222222 33333333 66666666 00000000 00000000 00000000 00000000 00000000 
RAM 70- 11111111 22222222 33333333 22222222 55555555 66666666 00000000 00000000 

line=0  V=1  tag=000001  w0=08000014  w1=8C010078  w2=8C0C0070  w3=8C0D0070
line=1  V=1  tag=000000  w0=00012BC4  w1=00023402  w2=0003380B  w3=AC01007C
line=2  V=1  tag=000000  w0=30A80070  w1=8C0F0070  w2=8C100074  w3=01F08820
line=3  V=1  tag=000000  w0=02319020  w1=76320006  w2=8C090080  w3=0211980F
clock 36  inst=00000000  PC   =00000050 PCnext=00000054
ID  stage  IR=8C010078  write=33333333  into =00000013                 rd=00000
EX  stage  IR=00000000  EX_A =00000000  EX_B =22222222  EX_C =00000078 rd=00000
EX  stage             EX_aluB=22222222 EX_res=22222222
MEM stage  IR=08000014  addr =00000014  data =00000000                 rd=00000
WB  stage  IR=0211980F  read =00000000  pass =33333333 result=33333333 rd=10011
control RegDst=0  ALUSrc=0  MemtoReg=0  MEMRead=0  MEMWrite=0  WB_write_enb=1
reg 0-7 00000000 22222222 33333333 55555555 EEEEEEEF 11110000 00003333 AAAAAAAA 
   8-15 11110070 55555555 00000000 00000000 00000000 00000000 00000000 11111111 
  16-23 22222222 33333333 66666666 33333333 00000000 00000000 00000000 00000000 
RAM 70- 11111111 22222222 33333333 22222222 55555555 66666666 00000000 00000000 

line=0  V=1  tag=000001  w0=08000014  w1=8C010078  w2=8C0C0070  w3=8C0D0070
line=1  V=1  tag=000000  w0=00012BC4  w1=00023402  w2=0003380B  w3=AC01007C
line=2  V=1  tag=000000  w0=30A80070  w1=8C0F0070  w2=8C100074  w3=01F08820
line=3  V=1  tag=000000  w0=02319020  w1=76320006  w2=8C090080  w3=0211980F
clock 37  inst=00000000  PC   =00000050 PCnext=00000054
ID  stage  IR=8C010078                                                 rd=00000
EX  stage  IR=00000000  EX_A =00000000  EX_B =22222222  EX_C =00000078 rd=00000
EX  stage             EX_aluB=22222222 EX_res=22222222
MEM stage  IR=00000000  addr =22222222  data =22222222                 rd=00000
WB  stage  IR=08000014  read =00000000  pass =00000014 result=00000014 rd=00000
control RegDst=0  ALUSrc=0  MemtoReg=0  MEMRead=0  MEMWrite=0  WB_write_enb=0
reg 0-7 00000000 22222222 33333333 55555555 EEEEEEEF 11110000 00003333 AAAAAAAA 
   8-15 11110070 55555555 00000000 00000000 00000000 00000000 00000000 11111111 
  16-23 22222222 33333333 66666666 33333333 00000000 00000000 00000000 00000000 
RAM 70- 11111111 22222222 33333333 22222222 55555555 66666666 00000000 00000000 

line=0  V=1  tag=000001  w0=08000014  w1=8C010078  w2=8C0C0070  w3=8C0D0070
line=1  V=1  tag=000000  w0=00012BC4  w1=00023402  w2=0003380B  w3=AC01007C
line=2  V=1  tag=000000  w0=30A80070  w1=8C0F0070  w2=8C100074  w3=01F08820
line=3  V=1  tag=000000  w0=02319020  w1=76320006  w2=8C090080  w3=0211980F
stall=0clk=38 at=380.45 ns
clock 38  inst=74410003  PC   =00000050 PCnext=00000054
ID  stage  IR=8C010078                                                 rd=00001
EX  stage  IR=00000000  EX_A =00000000  EX_B =22222222  EX_C =00000078 rd=00000
EX  stage             EX_aluB=22222222 EX_res=22222222
MEM stage  IR=00000000  addr =22222222  data =22222222                 rd=00000
WB  stage  IR=00000000  read =00000000  pass =22222222 result=22222222 rd=00000
control RegDst=0  ALUSrc=0  MemtoReg=0  MEMRead=0  MEMWrite=0  WB_write_enb=0
reg 0-7 00000000 22222222 33333333 55555555 EEEEEEEF 11110000 00003333 AAAAAAAA 
   8-15 11110070 55555555 00000000 00000000 00000000 00000000 00000000 11111111 
  16-23 22222222 33333333 66666666 33333333 00000000 00000000 00000000 00000000 
RAM 70- 11111111 22222222 33333333 22222222 55555555 66666666 00000000 00000000 

line=0  V=1  tag=000001  w0=08000014  w1=8C010078  w2=8C0C0070  w3=8C0D0070
line=1  V=1  tag=000001  w0=74410003  w1=8C0B0074  w2=8C0D0074  w3=8C0E0074
line=2  V=1  tag=000000  w0=30A80070  w1=8C0F0070  w2=8C100074  w3=01F08820
line=3  V=1  tag=000000  w0=02319020  w1=76320006  w2=8C090080  w3=0211980F
stall=1clk=39 at=390.45 ns
clock 39  inst=8C0B0074  PC   =00000054 PCnext=00000058
ID  stage  IR=74410003                                                 rd=00000
EX  stage  IR=8C010078  EX_A =00000000  EX_B =22222222  EX_C =00000078 rd=00001
EX  stage             EX_aluB=00000078 EX_res=00000078
MEM stage  IR=00000000  addr =22222222  data =22222222                 rd=00000
WB  stage  IR=00000000  read =00000000  pass =22222222 result=22222222 rd=00000
control RegDst=0  ALUSrc=1  MemtoReg=0  MEMRead=0  MEMWrite=0  WB_write_enb=0
reg 0-7 00000000 22222222 33333333 55555555 EEEEEEEF 11110000 00003333 AAAAAAAA 
   8-15 11110070 55555555 00000000 00000000 00000000 00000000 00000000 11111111 
  16-23 22222222 33333333 66666666 33333333 00000000 00000000 00000000 00000000 
RAM 70- 11111111 22222222 33333333 22222222 55555555 66666666 00000000 00000000 

line=0  V=1  tag=000001  w0=08000014  w1=8C010078  w2=8C0C0070  w3=8C0D0070
line=1  V=1  tag=000001  w0=74410003  w1=8C0B0074  w2=8C0D0074  w3=8C0E0074
line=2  V=1  tag=000000  w0=30A80070  w1=8C0F0070  w2=8C100074  w3=01F08820
line=3  V=1  tag=000000  w0=02319020  w1=76320006  w2=8C090080  w3=0211980F
stall=0clk=40 at=400.45 ns
stall=1clk=40 at=400.45 ns
clock 40  inst=8C0B0074  PC   =00000054 PCnext=00000058
ID  stage  IR=74410003                                                 rd=00000
EX  stage  IR=00000000  EX_A =33333333  EX_B =22222222  EX_C =00000003 rd=00000
EX  stage             EX_aluB=22222222 EX_res=55555555
MEM stage  IR=8C010078  addr =00000078  data =22222222  read =33333333 rd=00001
WB  stage  IR=00000000  read =00000000  pass =22222222 result=22222222 rd=00000
control RegDst=0  ALUSrc=0  MemtoReg=0  MEMRead=1  MEMWrite=0  WB_write_enb=0
reg 0-7 00000000 22222222 33333333 55555555 EEEEEEEF 11110000 00003333 AAAAAAAA 
   8-15 11110070 55555555 00000000 00000000 00000000 00000000 00000000 11111111 
  16-23 22222222 33333333 66666666 33333333 00000000 00000000 00000000 00000000 
RAM 70- 11111111 22222222 33333333 22222222 55555555 66666666 00000000 00000000 

line=0  V=1  tag=000001  w0=08000014  w1=8C010078  w2=8C0C0070  w3=8C0D0070
line=1  V=1  tag=000001  w0=74410003  w1=8C0B0074  w2=8C0D0074  w3=8C0E0074
line=2  V=1  tag=000000  w0=30A80070  w1=8C0F0070  w2=8C100074  w3=01F08820
line=3  V=1  tag=000000  w0=02319020  w1=76320006  w2=8C090080  w3=0211980F
stall=0clk=41 at=410.45 ns
clock 41  inst=8C0B0074  PC   =00000054 PCnext=00000060
ID  stage  IR=74410003  write=33333333  into =00000001                 rd=00000
EX  stage  IR=00000000  EX_A =33333333  EX_B =22222222  EX_C =00000003 rd=00000
EX  stage             EX_aluB=22222222 EX_res=55555555
MEM stage  IR=00000000  addr =55555555  data =22222222                 rd=00000
WB  stage  IR=8C010078  read =33333333  pass =00000078 result=33333333 rd=00001
control RegDst=0  ALUSrc=0  MemtoReg=1  MEMRead=0  MEMWrite=0  WB_write_enb=1
reg 0-7 00000000 33333333 33333333 55555555 EEEEEEEF 11110000 00003333 AAAAAAAA 
   8-15 11110070 55555555 00000000 00000000 00000000 00000000 00000000 11111111 
  16-23 22222222 33333333 66666666 33333333 00000000 00000000 00000000 00000000 
RAM 70- 11111111 22222222 33333333 22222222 55555555 66666666 00000000 00000000 

line=0  V=1  tag=000001  w0=08000014  w1=8C010078  w2=8C0C0070  w3=8C0D0070
line=1  V=1  tag=000001  w0=74410003  w1=8C0B0074  w2=8C0D0074  w3=8C0E0074
line=2  V=1  tag=000000  w0=30A80070  w1=8C0F0070  w2=8C100074  w3=01F08820
line=3  V=1  tag=000000  w0=02319020  w1=76320006  w2=8C090080  w3=0211980F
stall=1clk=42 at=420.45 ns
clock 42  inst=00000000  PC   =00000060 PCnext=00000064
ID  stage  IR=8C0B0074                                                 rd=00000
EX  stage  IR=74410003  EX_A =33333333  EX_B =33333333  EX_C =00000003 rd=00000
EX  stage             EX_aluB=00000003 EX_res=33333336
MEM stage  IR=00000000  addr =55555555  data =22222222                 rd=00000
WB  stage  IR=00000000  read =00000000  pass =55555555 result=55555555 rd=00000
control RegDst=0  ALUSrc=1  MemtoReg=0  MEMRead=0  MEMWrite=0  WB_write_enb=0
reg 0-7 00000000 33333333 33333333 55555555 EEEEEEEF 11110000 00003333 AAAAAAAA 
   8-15 11110070 55555555 00000000 00000000 00000000 00000000 00000000 11111111 
  16-23 22222222 33333333 66666666 33333333 00000000 00000000 00000000 00000000 
RAM 70- 11111111 22222222 33333333 22222222 55555555 66666666 00000000 00000000 

line=0  V=1  tag=000001  w0=08000014  w1=8C010078  w2=8C0C0070  w3=8C0D0070
line=1  V=1  tag=000001  w0=74410003  w1=8C0B0074  w2=8C0D0074  w3=8C0E0074
line=2  V=1  tag=000000  w0=30A80070  w1=8C0F0070  w2=8C100074  w3=01F08820
line=3  V=1  tag=000000  w0=02319020  w1=76320006  w2=8C090080  w3=0211980F
clock 43  inst=00000000  PC   =00000060 PCnext=00000064
ID  stage  IR=8C0B0074                                                 rd=00000
EX  stage  IR=00000000  EX_A =00000000  EX_B =00000000  EX_C =00000074 rd=00000
EX  stage             EX_aluB=00000000 EX_res=00000000
MEM stage  IR=74410003  addr =33333336  data =33333333                 rd=00000
WB  stage  IR=00000000  read =00000000  pass =55555555 result=55555555 rd=00000
control RegDst=0  ALUSrc=0  MemtoReg=0  MEMRead=0  MEMWrite=0  WB_write_enb=0
reg 0-7 00000000 33333333 33333333 55555555 EEEEEEEF 11110000 00003333 AAAAAAAA 
   8-15 11110070 55555555 00000000 00000000 00000000 00000000 00000000 11111111 
  16-23 22222222 33333333 66666666 33333333 00000000 00000000 00000000 00000000 
RAM 70- 11111111 22222222 33333333 22222222 55555555 66666666 00000000 00000000 

line=0  V=1  tag=000001  w0=08000014  w1=8C010078  w2=8C0C0070  w3=8C0D0070
line=1  V=1  tag=000001  w0=74410003  w1=8C0B0074  w2=8C0D0074  w3=8C0E0074
line=2  V=1  tag=000000  w0=30A80070  w1=8C0F0070  w2=8C100074  w3=01F08820
line=3  V=1  tag=000000  w0=02319020  w1=76320006  w2=8C090080  w3=0211980F
clock 44  inst=00000000  PC   =00000060 PCnext=00000064
ID  stage  IR=8C0B0074                                                 rd=00000
EX  stage  IR=00000000  EX_A =00000000  EX_B =00000000  EX_C =00000074 rd=00000
EX  stage             EX_aluB=00000000 EX_res=00000000
MEM stage  IR=00000000  addr =00000000  data =00000000                 rd=00000
WB  stage  IR=74410003  read =00000000  pass =33333336 result=33333336 rd=00000
control RegDst=0  ALUSrc=0  MemtoReg=0  MEMRead=0  MEMWrite=0  WB_write_enb=0
reg 0-7 00000000 33333333 33333333 55555555 EEEEEEEF 11110000 00003333 AAAAAAAA 
   8-15 11110070 55555555 00000000 00000000 00000000 00000000 00000000 11111111 
  16-23 22222222 33333333 66666666 33333333 00000000 00000000 00000000 00000000 
RAM 70- 11111111 22222222 33333333 22222222 55555555 66666666 00000000 00000000 

line=0  V=1  tag=000001  w0=08000014  w1=8C010078  w2=8C0C0070  w3=8C0D0070
line=1  V=1  tag=000001  w0=74410003  w1=8C0B0074  w2=8C0D0074  w3=8C0E0074
line=2  V=1  tag=000000  w0=30A80070  w1=8C0F0070  w2=8C100074  w3=01F08820
line=3  V=1  tag=000000  w0=02319020  w1=76320006  w2=8C090080  w3=0211980F
stall=0clk=45 at=450.45 ns
clock 45  inst=8C0A0084  PC   =00000060 PCnext=00000064
ID  stage  IR=8C0B0074                                                 rd=01011
EX  stage  IR=00000000  EX_A =00000000  EX_B =00000000  EX_C =00000074 rd=00000
EX  stage             EX_aluB=00000000 EX_res=00000000
MEM stage  IR=00000000  addr =00000000  data =00000000                 rd=00000
WB  stage  IR=00000000  read =00000000  pass =00000000 result=00000000 rd=00000
control RegDst=0  ALUSrc=0  MemtoReg=0  MEMRead=0  MEMWrite=0  WB_write_enb=0
reg 0-7 00000000 33333333 33333333 55555555 EEEEEEEF 11110000 00003333 AAAAAAAA 
   8-15 11110070 55555555 00000000 00000000 00000000 00000000 00000000 11111111 
  16-23 22222222 33333333 66666666 33333333 00000000 00000000 00000000 00000000 
RAM 70- 11111111 22222222 33333333 22222222 55555555 66666666 00000000 00000000 

line=0  V=1  tag=000001  w0=08000014  w1=8C010078  w2=8C0C0070  w3=8C0D0070
line=1  V=1  tag=000001  w0=74410003  w1=8C0B0074  w2=8C0D0074  w3=8C0E0074
line=2  V=1  tag=000001  w0=8C0A0084  w1=08000018  w2=8C170080  w3=8C16007C
line=3  V=1  tag=000000  w0=02319020  w1=76320006  w2=8C090080  w3=0211980F
clock 46  inst=08000018  PC   =00000064 PCnext=00000068
ID  stage  IR=8C0A0084                                                 rd=01010
EX  stage  IR=8C0B0074  EX_A =00000000  EX_B =00000000  EX_C =00000074 rd=01011
EX  stage             EX_aluB=00000074 EX_res=00000074
MEM stage  IR=00000000  addr =00000000  data =00000000                 rd=00000
WB  stage  IR=00000000  read =00000000  pass =00000000 result=00000000 rd=00000
control RegDst=0  ALUSrc=1  MemtoReg=0  MEMRead=0  MEMWrite=0  WB_write_enb=0
reg 0-7 00000000 33333333 33333333 55555555 EEEEEEEF 11110000 00003333 AAAAAAAA 
   8-15 11110070 55555555 00000000 00000000 00000000 00000000 00000000 11111111 
  16-23 22222222 33333333 66666666 33333333 00000000 00000000 00000000 00000000 
RAM 70- 11111111 22222222 33333333 22222222 55555555 66666666 00000000 00000000 

line=0  V=1  tag=000001  w0=08000014  w1=8C010078  w2=8C0C0070  w3=8C0D0070
line=1  V=1  tag=000001  w0=74410003  w1=8C0B0074  w2=8C0D0074  w3=8C0E0074
line=2  V=1  tag=000001  w0=8C0A0084  w1=08000018  w2=8C170080  w3=8C16007C
line=3  V=1  tag=000000  w0=02319020  w1=76320006  w2=8C090080  w3=0211980F
clock 47  inst=8C170080  PC   =00000068 PCnext=00000060
ID  stage  IR=08000018                                                 rd=00000
EX  stage  IR=8C0A0084  EX_A =00000000  EX_B =00000000  EX_C =00000084 rd=01010
EX  stage             EX_aluB=00000084 EX_res=00000084
MEM stage  IR=8C0B0074  addr =00000074  data =00000000  read =22222222 rd=01011
WB  stage  IR=00000000  read =00000000  pass =00000000 result=00000000 rd=00000
control RegDst=0  ALUSrc=1  MemtoReg=0  MEMRead=1  MEMWrite=0  WB_write_enb=0
reg 0-7 00000000 33333333 33333333 55555555 EEEEEEEF 11110000 00003333 AAAAAAAA 
   8-15 11110070 55555555 00000000 00000000 00000000 00000000 00000000 11111111 
  16-23 22222222 33333333 66666666 33333333 00000000 00000000 00000000 00000000 
RAM 70- 11111111 22222222 33333333 22222222 55555555 66666666 00000000 00000000 

line=0  V=1  tag=000001  w0=08000014  w1=8C010078  w2=8C0C0070  w3=8C0D0070
line=1  V=1  tag=000001  w0=74410003  w1=8C0B0074  w2=8C0D0074  w3=8C0E0074
line=2  V=1  tag=000001  w0=8C0A0084  w1=08000018  w2=8C170080  w3=8C16007C
line=3  V=1  tag=000000  w0=02319020  w1=76320006  w2=8C090080  w3=0211980F
clock 48  inst=8C0A0084  PC   =00000060 PCnext=00000064
ID  stage  IR=8C170080  write=22222222  into =0000000B                 rd=10111
EX  stage  IR=08000018  EX_A =00000000  EX_B =00000000  EX_C =00000018 rd=00000
EX  stage             EX_aluB=00000018 EX_res=00000018
MEM stage  IR=8C0A0084  addr =00000084  data =00000000  read =66666666 rd=01010
WB  stage  IR=8C0B0074  read =22222222  pass =00000074 result=22222222 rd=01011
control RegDst=0  ALUSrc=1  MemtoReg=1  MEMRead=1  MEMWrite=0  WB_write_enb=1
reg 0-7 00000000 33333333 33333333 55555555 EEEEEEEF 11110000 00003333 AAAAAAAA 
   8-15 11110070 55555555 00000000 22222222 00000000 00000000 00000000 11111111 
  16-23 22222222 33333333 66666666 33333333 00000000 00000000 00000000 00000000 
RAM 70- 11111111 22222222 33333333 22222222 55555555 66666666 00000000 00000000 

line=0  V=1  tag=000001  w0=08000014  w1=8C010078  w2=8C0C0070  w3=8C0D0070
line=1  V=1  tag=000001  w0=74410003  w1=8C0B0074  w2=8C0D0074  w3=8C0E0074
line=2  V=1  tag=000001  w0=8C0A0084  w1=08000018  w2=8C170080  w3=8C16007C
line=3  V=1  tag=000000  w0=02319020  w1=76320006  w2=8C090080  w3=0211980F
clock 49  inst=08000018  PC   =00000064 PCnext=00000068
ID  stage  IR=8C0A0084  write=66666666  into =0000000A                 rd=01010
EX  stage  IR=8C170080  EX_A =00000000  EX_B =00000000  EX_C =00000080 rd=10111
EX  stage             EX_aluB=00000080 EX_res=00000080
MEM stage  IR=08000018  addr =00000018  data =00000000                 rd=00000
WB  stage  IR=8C0A0084  read =66666666  pass =00000084 result=66666666 rd=01010
control RegDst=0  ALUSrc=1  MemtoReg=1  MEMRead=0  MEMWrite=0  WB_write_enb=1
reg 0-7 00000000 33333333 33333333 55555555 EEEEEEEF 11110000 00003333 AAAAAAAA 
   8-15 11110070 55555555 66666666 22222222 00000000 00000000 00000000 11111111 
  16-23 22222222 33333333 66666666 33333333 00000000 00000000 00000000 00000000 
RAM 70- 11111111 22222222 33333333 22222222 55555555 66666666 00000000 00000000 

line=0  V=1  tag=000001  w0=08000014  w1=8C010078  w2=8C0C0070  w3=8C0D0070
line=1  V=1  tag=000001  w0=74410003  w1=8C0B0074  w2=8C0D0074  w3=8C0E0074
line=2  V=1  tag=000001  w0=8C0A0084  w1=08000018  w2=8C170080  w3=8C16007C
line=3  V=1  tag=000000  w0=02319020  w1=76320006  w2=8C090080  w3=0211980F
clock 50  inst=8C170080  PC   =00000068 PCnext=00000060
ID  stage  IR=08000018                                                 rd=00000
EX  stage  IR=8C0A0084  EX_A =00000000  EX_B =66666666  EX_C =00000084 rd=01010
EX  stage             EX_aluB=00000084 EX_res=00000084
MEM stage  IR=8C170080  addr =00000080  data =00000000  read =55555555 rd=10111
WB  stage  IR=08000018  read =00000000  pass =00000018 result=00000018 rd=00000
control RegDst=0  ALUSrc=1  MemtoReg=0  MEMRead=1  MEMWrite=0  WB_write_enb=0
reg 0-7 00000000 33333333 33333333 55555555 EEEEEEEF 11110000 00003333 AAAAAAAA 
   8-15 11110070 55555555 66666666 22222222 00000000 00000000 00000000 11111111 
  16-23 22222222 33333333 66666666 33333333 00000000 00000000 00000000 00000000 
RAM 70- 11111111 22222222 33333333 22222222 55555555 66666666 00000000 00000000 

line=0  V=1  tag=000001  w0=08000014  w1=8C010078  w2=8C0C0070  w3=8C0D0070
line=1  V=1  tag=000001  w0=74410003  w1=8C0B0074  w2=8C0D0074  w3=8C0E0074
line=2  V=1  tag=000001  w0=8C0A0084  w1=08000018  w2=8C170080  w3=8C16007C
line=3  V=1  tag=000000  w0=02319020  w1=76320006  w2=8C090080  w3=0211980F
Ran until 510 NS + 0
ncsim> exit
TOOL:	ncsim	15.20-s035: Exiting on Dec 11, 2020 at 21:09:05 EST  (total: 00:00:01)
