ncelab: 15.20-s035: (c) Copyright 1995-2017 Cadence Design Systems, Inc.
TOOL:	ncelab	15.20-s035: Started on Dec 11, 2020 at 16:54:01 EST
ncelab
    -v93
    -messages
    -access rwc
    -cdslib /afs/umbc.edu/users/b/c/bcain1/home/cs411/vhdl2/cds.lib
    -hdlvar /afs/umbc.edu/users/b/c/bcain1/home/cs411/vhdl2/hdl.var
    part2a

ncelab: *W,ARCMRA: Elaborating the VHDL.PART2A:SCHEMATIC, MRA (most recently analyzed) architecture.
	Elaborating the design hierarchy:
	Building instance specific data structures.
	Design hierarchy summary:
		              Instances  Unique
		Components:         668      23
		Default bindings:    17      16
		Processes:         2298      87
		Signals:            818     188
	Writing initial simulation snapshot: VHDL.PART2A:SCHEMATIC
TOOL:	ncelab	15.20-s035: Exiting on Dec 11, 2020 at 16:54:01 EST  (total: 00:00:00)
